## Minimum repeat length set to 300.


        ICAass  Version 2.1
        =======


Indexing all the sequences now. This may take a few minutes.

Total of 2 sequences indexed
The sorted index is being saved to the file cluster.index.22692 
.2038join 111 731 197200 2038join 166364 165744 197200
2038join 118 731 197200 2038join 44681 44068 197200
2038join 1299 1788 197200 2038join 47175 47664 197200
2038join 164139 164925 197200 2038join 22749 23535 197200
2038join 164140 164720 197200 gi|18042454|gb|AC073107.7| 37495 36915 194178
2038join 164260 164922 197200 gi|18042454|gb|AC073107.7| 37950 38612 194178
2038join 164260 164925 197200 2038join 39920 40585 197200
2038join 164260 164925 197200 gi|18042454|gb|AC073107.7| 2187 1522 194178
2038join 164332 164925 197200 gi|18042454|gb|AC073107.7| 53713 54306 194178
2038join 164342 164865 197200 gi|18042454|gb|AC073107.7| 159308 159831 194178
2038join 164474 164925 197200 gi|18042454|gb|AC073107.7| 93236 93687 194178
2038join 164481 164925 197200 2038join 42802 43246 197200
2038join 164526 164925 197200 2038join 40186 40585 197200
2038join 164991 165521 197200 gi|18042454|gb|AC073107.7| 36387 36917 194178
2038join 164991 165546 197200 2038join 23604 24159 197200
2038join 164991 165638 197200 gi|18042454|gb|AC073107.7| 93756 94403 194178
2038join 164991 166355 197200 2038join 43315 44679 197200
2038join 164991 166364 197200 2038join 23604 24977 197200
2038join 165130 165665 197200 2038join 40762 41297 197200
2038join 165166 165644 197200 gi|18042454|gb|AC073107.7| 54554 55032 194178
2038join 165660 166364 197200 2038join 41293 41997 197200
2038join 165744 166364 197200 2038join 731 111 197200
2038join 22749 23535 197200 2038join 164139 164925 197200
2038join 22750 23330 197200 gi|18042454|gb|AC073107.7| 37495 36915 194178
2038join 22870 23573 197200 gi|18042454|gb|AC073107.7| 2187 1484 194178
2038join 22870 23591 197200 2038join 39920 40641 197200
2038join 22870 23616 197200 gi|18042454|gb|AC073107.7| 37950 38696 194178
2038join 22901 23475 197200 gi|18042454|gb|AC073107.7| 159257 159831 194178
2038join 22942 23612 197200 gi|18042454|gb|AC073107.7| 53713 54383 194178
2038join 23084 24159 197200 gi|18042454|gb|AC073107.7| 93236 94311 194178
2038join 23091 24159 197200 2038join 42802 43870 197200
2038join 23091 24994 197200 2038join 42802 44705 197200
2038join 23136 23591 197200 2038join 40186 40641 197200
2038join 23511 24134 197200 gi|18042454|gb|AC073107.7| 36294 36917 194178
2038join 23604 24159 197200 2038join 164991 165546 197200
2038join 23604 24977 197200 2038join 164991 166364 197200
2038join 23743 24159 197200 2038join 40762 41178 197200
2038join 24159 25306 197200 2038join 41179 42326 197200
2038join 24243 24994 197200 2038join 43954 44705 197200
2038join 24357 25085 197200 2038join 731 3 197200
2038join 24965 25620 197200 2038join 44675 45330 197200
2038join 25779 26363 197200 2038join 45484 46068 197200
2038join 26363 26820 197200 2038join 46067 46524 197200
2038join 26363 27731 197200 2038join 46067 47435 197200
2038join 26995 27731 197200 2038join 46699 47435 197200
2038join 3 723 197200 2038join 42105 41385 197200
2038join 3 731 197200 2038join 25085 24357 197200
2038join 39807 40623 197200 gi|18042454|gb|AC073107.7| 2300 1484 194178
2038join 39821 40641 197200 gi|18042454|gb|AC073107.7| 37851 38671 194178
2038join 39920 40585 197200 2038join 164260 164925 197200
2038join 39920 40641 197200 2038join 22870 23591 197200
2038join 40001 40641 197200 gi|18042454|gb|AC073107.7| 53722 54362 194178
2038join 40080 40641 197200 2038join 42741 43302 197200
2038join 40186 40585 197200 2038join 164526 164925 197200
2038join 40186 40623 197200 gi|18042454|gb|AC073107.7| 1921 1484 194178
2038join 40186 40627 197200 gi|18042454|gb|AC073107.7| 93288 93729 194178
2038join 40186 40641 197200 2038join 23136 23591 197200
2038join 40186 40641 197200 gi|18042454|gb|AC073107.7| 38216 38671 194178
2038join 40186 40641 197200 gi|18042454|gb|AC073107.7| 53907 54362 194178
2038join 40762 41153 197200 gi|18042454|gb|AC073107.7| 36526 36917 194178
2038join 40762 41178 197200 2038join 23743 24159 197200
2038join 40762 41270 197200 gi|18042454|gb|AC073107.7| 93895 94403 194178
2038join 40762 41297 197200 2038join 165130 165665 197200
2038join 40762 41297 197200 2038join 43454 43989 197200
2038join 40798 41276 197200 gi|18042454|gb|AC073107.7| 54554 55032 194178
2038join 41179 42326 197200 2038join 24159 25306 197200
2038join 41293 41988 197200 2038join 43984 44679 197200
2038join 41293 41997 197200 2038join 165660 166364 197200
2038join 41385 42105 197200 2038join 723 3 197200
2038join 42741 43302 197200 2038join 40080 40641 197200
2038join 42802 43246 197200 2038join 164481 164925 197200
2038join 42802 43287 197200 gi|18042454|gb|AC073107.7| 1966 1481 194178
2038join 42802 43311 197200 gi|18042454|gb|AC073107.7| 53862 54371 194178
2038join 42802 43324 197200 gi|18042454|gb|AC073107.7| 38171 38693 194178
2038join 42802 43870 197200 2038join 23091 24159 197200
2038join 42802 44705 197200 2038join 23091 24994 197200
2038join 42803 43960 197200 gi|18042454|gb|AC073107.7| 93244 94401 194178
2038join 43222 43845 197200 gi|18042454|gb|AC073107.7| 36294 36917 194178
2038join 43315 44679 197200 2038join 164991 166355 197200
2038join 43454 43989 197200 2038join 40762 41297 197200
2038join 43490 43968 197200 gi|18042454|gb|AC073107.7| 54554 55032 194178
2038join 43984 44679 197200 2038join 41293 41988 197200
2038join 44068 44681 197200 2038join 731 118 197200
2038join 44675 45330 197200 2038join 24965 25620 197200
2038join 45484 46068 197200 2038join 25779 26363 197200
2038join 46067 46524 197200 2038join 26363 26820 197200
2038join 46067 47435 197200 2038join 26363 27731 197200
2038join 46699 47435 197200 2038join 26995 27731 197200
2038join 47175 47664 197200 2038join 1299 1788 197200
gi|18042454|gb|AC073107.7| 1481 1966 194178 2038join 43287 42802 197200
gi|18042454|gb|AC073107.7| 1484 1921 194178 2038join 40623 40186 197200
gi|18042454|gb|AC073107.7| 1484 1973 194178 gi|18042454|gb|AC073107.7| 93725 93236 194178
gi|18042454|gb|AC073107.7| 1484 2187 194178 2038join 23573 22870 197200
gi|18042454|gb|AC073107.7| 1484 2286 194178 gi|18042454|gb|AC073107.7| 38653 37851 194178
gi|18042454|gb|AC073107.7| 1484 2300 194178 2038join 40623 39807 197200
gi|18042454|gb|AC073107.7| 1485 2115 194178 gi|18042454|gb|AC073107.7| 54343 53713 194178
gi|18042454|gb|AC073107.7| 1522 2187 194178 2038join 164925 164260 197200
gi|18042454|gb|AC073107.7| 1582 2105 194178 gi|18042454|gb|AC073107.7| 159831 159308 194178
gi|18042454|gb|AC073107.7| 159257 159831 194178 2038join 22901 23475 197200
gi|18042454|gb|AC073107.7| 159308 159831 194178 2038join 164342 164865 197200
gi|18042454|gb|AC073107.7| 159308 159831 194178 gi|18042454|gb|AC073107.7| 2105 1582 194178
gi|18042454|gb|AC073107.7| 159308 159831 194178 gi|18042454|gb|AC073107.7| 38032 38555 194178
gi|18042454|gb|AC073107.7| 159308 159831 194178 gi|18042454|gb|AC073107.7| 53723 54246 194178
gi|18042454|gb|AC073107.7| 159440 159831 194178 gi|18042454|gb|AC073107.7| 93236 93627 194178
gi|18042454|gb|AC073107.7| 1727 2191 194178 gi|18042454|gb|AC073107.7| 36915 37379 194178
gi|18042454|gb|AC073107.7| 23345 25905 194178 gi|18042454|gb|AC073107.7| 23363 25923 194178
gi|18042454|gb|AC073107.7| 23349 25897 194178 gi|18042454|gb|AC073107.7| 23375 25923 194178
gi|18042454|gb|AC073107.7| 23363 25923 194178 gi|18042454|gb|AC073107.7| 23345 25905 194178
gi|18042454|gb|AC073107.7| 23375 25923 194178 gi|18042454|gb|AC073107.7| 23349 25897 194178
gi|18042454|gb|AC073107.7| 36294 36917 194178 2038join 23511 24134 197200
gi|18042454|gb|AC073107.7| 36294 36917 194178 2038join 43222 43845 197200
gi|18042454|gb|AC073107.7| 36294 36917 194178 gi|18042454|gb|AC073107.7| 93663 94286 194178
gi|18042454|gb|AC073107.7| 36387 36917 194178 2038join 164991 165521 197200
gi|18042454|gb|AC073107.7| 36526 36917 194178 2038join 40762 41153 197200
gi|18042454|gb|AC073107.7| 36915 37379 194178 gi|18042454|gb|AC073107.7| 1727 2191 194178
gi|18042454|gb|AC073107.7| 36915 37495 194178 2038join 164720 164140 197200
gi|18042454|gb|AC073107.7| 36915 37495 194178 2038join 23330 22750 197200
gi|18042454|gb|AC073107.7| 36917 37376 194178 gi|18042454|gb|AC073107.7| 38408 37949 194178
gi|18042454|gb|AC073107.7| 36917 38408 194178 gi|18042454|gb|AC073107.7| 38408 36917 194178
gi|18042454|gb|AC073107.7| 37851 38653 194178 gi|18042454|gb|AC073107.7| 2286 1484 194178
gi|18042454|gb|AC073107.7| 37851 38671 194178 2038join 39821 40641 197200
gi|18042454|gb|AC073107.7| 37949 38408 194178 gi|18042454|gb|AC073107.7| 37376 36917 194178
gi|18042454|gb|AC073107.7| 37950 38612 194178 2038join 164260 164922 197200
gi|18042454|gb|AC073107.7| 37950 38696 194178 2038join 22870 23616 197200
gi|18042454|gb|AC073107.7| 38031 38995 194178 gi|18042454|gb|AC073107.7| 53722 54686 194178
gi|18042454|gb|AC073107.7| 38032 38555 194178 gi|18042454|gb|AC073107.7| 159308 159831 194178
gi|18042454|gb|AC073107.7| 38164 38696 194178 gi|18042454|gb|AC073107.7| 93236 93768 194178
gi|18042454|gb|AC073107.7| 38171 38693 194178 2038join 42802 43324 197200
gi|18042454|gb|AC073107.7| 38216 38671 194178 2038join 40186 40641 197200
gi|18042454|gb|AC073107.7| 53713 54306 194178 2038join 164332 164925 197200
gi|18042454|gb|AC073107.7| 53713 54343 194178 gi|18042454|gb|AC073107.7| 2115 1485 194178
gi|18042454|gb|AC073107.7| 53713 54383 194178 2038join 22942 23612 197200
gi|18042454|gb|AC073107.7| 53722 54362 194178 2038join 40001 40641 197200
gi|18042454|gb|AC073107.7| 53722 54686 194178 gi|18042454|gb|AC073107.7| 38031 38995 194178
gi|18042454|gb|AC073107.7| 53723 54246 194178 gi|18042454|gb|AC073107.7| 159308 159831 194178
gi|18042454|gb|AC073107.7| 53855 54383 194178 gi|18042454|gb|AC073107.7| 93236 93764 194178
gi|18042454|gb|AC073107.7| 53862 54371 194178 2038join 42802 43311 197200
gi|18042454|gb|AC073107.7| 53907 54362 194178 2038join 40186 40641 197200
gi|18042454|gb|AC073107.7| 54554 55024 194178 gi|18042454|gb|AC073107.7| 93931 94401 194178
gi|18042454|gb|AC073107.7| 54554 55032 194178 2038join 165166 165644 197200
gi|18042454|gb|AC073107.7| 54554 55032 194178 2038join 40798 41276 197200
gi|18042454|gb|AC073107.7| 54554 55032 194178 2038join 43490 43968 197200
gi|18042454|gb|AC073107.7| 93236 93627 194178 gi|18042454|gb|AC073107.7| 159440 159831 194178
gi|18042454|gb|AC073107.7| 93236 93687 194178 2038join 164474 164925 197200
gi|18042454|gb|AC073107.7| 93236 93725 194178 gi|18042454|gb|AC073107.7| 1973 1484 194178
gi|18042454|gb|AC073107.7| 93236 93764 194178 gi|18042454|gb|AC073107.7| 53855 54383 194178
gi|18042454|gb|AC073107.7| 93236 93768 194178 gi|18042454|gb|AC073107.7| 38164 38696 194178
gi|18042454|gb|AC073107.7| 93236 94311 194178 2038join 23084 24159 197200
gi|18042454|gb|AC073107.7| 93244 94401 194178 2038join 42803 43960 197200
gi|18042454|gb|AC073107.7| 93288 93729 194178 2038join 40186 40627 197200
gi|18042454|gb|AC073107.7| 93663 94286 194178 gi|18042454|gb|AC073107.7| 36294 36917 194178
gi|18042454|gb|AC073107.7| 93756 94403 194178 2038join 164991 165638 197200
gi|18042454|gb|AC073107.7| 93895 94403 194178 2038join 40762 41270 197200
gi|18042454|gb|AC073107.7| 93931 94401 194178 gi|18042454|gb|AC073107.7| 54554 55024 194178
Graphic ready for printing - type the command shown below to print:
lp threshold300
